2025-10-21 13:30:05, MOVE, v:1, k:poo@camisa, mode:PICK
2025-10-21 13:30:06, EXEC, v:1, k:poo@camisa, mode:LOCK, rate:0, size:46
2025-10-21 13:30:23, EXEC, v:1, k:poo@camisa, mode:LOCK, rate:0
2025-10-21 13:30:24, MOVE, v:1, k:poo@camisa, mode:BACK
2025-10-21 13:30:58, MOVE, v:1, k:poo@chinela, mode:PICK
2025-10-21 13:31:05, MOVE, v:1, k:poo@chinela, mode:BACK
2025-10-21 13:31:06, MOVE, v:1, k:poo@chinela, mode:PICK
2025-10-21 13:31:46, EXEC, v:1, k:poo@chinela, mode:LOCK, rate:0, size:17
2025-10-21 13:32:54, EXEC, v:1, k:poo@chinela, mode:LOCK, rate:0
2025-10-21 13:33:13, EXEC, v:1, k:poo@chinela, mode:LOCK, rate:0
2025-10-21 13:33:24, MOVE, v:1, k:poo@chinela, mode:BACK
2025-10-21 13:34:02, SELF, v:1, k:poo@chinela, study:200
2025-10-21 13:34:08, MOVE, v:1, k:poo@chinela, mode:PICK
2025-10-21 13:34:10, EXEC, v:1, k:poo@chinela, mode:LOCK, rate:0
2025-10-21 13:34:53, MOVE, v:1, k:poo@chinela, mode:BACK
2025-10-21 13:36:55, MOVE, v:1, k:poo@roupa, mode:DOWN
2025-10-21 13:36:57, MOVE, v:1, k:poo@roupa, mode:PICK
2025-10-21 13:37:12, MOVE, v:1, k:poo@roupa, mode:BACK
2025-10-21 14:14:50, MOVE, v:1, k:poo@roupa, mode:PICK
2025-10-21 14:14:51, EXEC, v:1, k:poo@roupa, mode:FULL, rate:0, size:29
2025-10-21 14:16:06, EXEC, v:1, k:poo@roupa, mode:FULL, rate:0, size:30
2025-10-21 14:16:17, EXEC, v:1, k:poo@roupa, mode:FULL, rate:0, size:30
2025-10-21 14:17:05, EXEC, v:1, k:poo@roupa, mode:FULL, rate:0, size:30
2025-10-21 14:18:23, EXEC, v:1, k:poo@roupa, mode:FULL, rate:0, size:31
2025-10-21 14:20:38, EXEC, v:1, k:poo@roupa, mode:FULL, rate:0, size:33
2025-10-21 14:21:02, EXEC, v:1, k:poo@roupa, mode:FULL, rate:0, size:33
2025-10-21 14:21:26, EXEC, v:1, k:poo@roupa, mode:FULL, rate:0, size:33
2025-10-21 14:22:14, EXEC, v:1, k:poo@roupa, mode:FULL, rate:0, size:33
2025-10-21 14:22:19, EXEC, v:1, k:poo@roupa, mode:FULL, rate:0
2025-10-21 14:23:02, EXEC, v:1, k:poo@roupa, mode:FULL, rate:0, size:33
2025-10-21 14:25:47, EXEC, v:1, k:poo@roupa, mode:FREE, size:32
2025-10-21 14:26:18, EXEC, v:1, k:poo@roupa, mode:FULL, rate:0
2025-10-21 14:27:21, EXEC, v:1, k:poo@roupa, mode:FULL, rate:0, size:31
2025-10-21 14:27:50, EXEC, v:1, k:poo@roupa, mode:FULL, rate:0, size:31
2025-10-21 14:28:32, EXEC, v:1, k:poo@roupa, mode:FULL, rate:0, size:31
2025-10-21 14:33:37, EXEC, v:1, k:poo@roupa, mode:FULL, rate:100, size:33
2025-10-21 14:33:45, MOVE, v:1, k:poo@roupa, mode:BACK
